<?xml version="1.0" encoding="UTF-8"?>
<!-- Generated by org.testng.reporters.JUnitReportReporter -->
<testsuite skipped="0" hostname="sadhana-PC" name="org.restassured.TC04_PUT_Request" tests="1" failures="0" timestamp="14 Apr 2020 12:58:11 GMT" time="7.326" errors="0">
  <testcase name="put" time="7.326" classname="org.restassured.TC04_PUT_Request"/>
</testsuite> <!-- org.restassured.TC04_PUT_Request -->
