<?xml version="1.0" encoding="UTF-8"?>
<!-- Generated by org.testng.reporters.JUnitReportReporter -->
<testsuite skipped="0" hostname="sadhana-PC" name="org.restassured.TC02_POST_Request" tests="1" failures="0" timestamp="14 Apr 2020 08:01:24 GMT" time="13.254" errors="0">
  <testcase name="registrationCheck" time="13.254" classname="org.restassured.TC02_POST_Request"/>
</testsuite> <!-- org.restassured.TC02_POST_Request -->
