<?xml version="1.0" encoding="UTF-8"?>
<!-- Generated by org.testng.reporters.JUnitReportReporter -->
<testsuite skipped="0" hostname="sadhana-PC" name="org.restassured.GET_Request" tests="1" failures="0" timestamp="11 Apr 2020 02:48:51 GMT" time="4.961" errors="0">
  <testcase name="getWeatherDetails" time="4.961" classname="org.restassured.GET_Request"/>
</testsuite> <!-- org.restassured.GET_Request -->
